<?xml version="1.0" encoding="UTF-8"?>
<!-- Generated by org.testng.reporters.JUnitXMLReporter -->
<testsuite ignored="0" hostname="DESKTOP-8O013AV" failures="0" tests="6" name="Test" time="35.747" errors="0" timestamp="2022-07-13T09:17:04 IST">
  <testcase classname="com.team6.TestRunner.TestRunner" name="feature" time="33.544"/>
  <testcase classname="com.team6.TestRunner.TestRunner" name="feature" time="0.271"/>
  <testcase classname="com.team6.TestRunner.TestRunner" name="feature" time="0.103"/>
  <testcase classname="com.team6.TestRunner.TestRunner" name="feature" time="1.298"/>
  <testcase classname="com.team6.TestRunner.TestRunner" name="feature" time="0.103"/>
  <testcase classname="com.team6.TestRunner.TestRunner" name="feature" time="0.176"/>
</testsuite> <!-- Test -->
