<?xml version="1.0" encoding="UTF-8"?>
<testng-results ignored="0" total="6" passed="6" failed="0" skipped="0">
  <reporter-output>
  </reporter-output>
  <suite started-at="2022-07-13T09:16:28 IST" name="Suite" finished-at="2022-07-13T09:17:04 IST" duration-ms="35747">
    <groups>
    </groups>
    <test started-at="2022-07-13T09:16:28 IST" name="Test" finished-at="2022-07-13T09:17:04 IST" duration-ms="35747">
      <class name="com.team6.TestRunner.TestRunner">
        <test-method is-config="true" signature="setUpClass()[pri:0, instance:com.team6.TestRunner.TestRunner@71687585]" started-at="2022-07-13T09:16:28 IST" name="setUpClass" finished-at="2022-07-13T09:16:28 IST" duration-ms="126" status="PASS">
          <reporter-output>
          </reporter-output>
        </test-method> <!-- setUpClass -->
        <test-method signature="feature(cucumber.api.testng.PickleEventWrapper,cucumber.api.testng.CucumberFeatureWrapper)[pri:0, instance:com.team6.TestRunner.TestRunner@71687585]" started-at="2022-07-13T09:16:28 IST" name="feature" data-provider="features" finished-at="2022-07-13T09:17:02 IST" duration-ms="33544" status="PASS">
          <params>
            <param index="0">
              <value>
                <![CDATA["Home page testing"]]>
              </value>
            </param>
            <param index="1">
              <value>
                <![CDATA["homepage validation"]]>
              </value>
            </param>
          </params>
          <reporter-output>
          </reporter-output>
        </test-method> <!-- feature -->
        <test-method signature="feature(cucumber.api.testng.PickleEventWrapper,cucumber.api.testng.CucumberFeatureWrapper)[pri:0, instance:com.team6.TestRunner.TestRunner@71687585]" started-at="2022-07-13T09:17:02 IST" name="feature" data-provider="features" finished-at="2022-07-13T09:17:02 IST" duration-ms="271" status="PASS">
          <params>
            <param index="0">
              <value>
                <![CDATA["Book Store applicaton"]]>
              </value>
            </param>
            <param index="1">
              <value>
                <![CDATA["homepage validation"]]>
              </value>
            </param>
          </params>
          <reporter-output>
          </reporter-output>
        </test-method> <!-- feature -->
        <test-method signature="feature(cucumber.api.testng.PickleEventWrapper,cucumber.api.testng.CucumberFeatureWrapper)[pri:0, instance:com.team6.TestRunner.TestRunner@71687585]" started-at="2022-07-13T09:17:02 IST" name="feature" data-provider="features" finished-at="2022-07-13T09:17:02 IST" duration-ms="103" status="PASS">
          <params>
            <param index="0">
              <value>
                <![CDATA["accessing element option"]]>
              </value>
            </param>
            <param index="1">
              <value>
                <![CDATA["homepage validation"]]>
              </value>
            </param>
          </params>
          <reporter-output>
          </reporter-output>
        </test-method> <!-- feature -->
        <test-method signature="feature(cucumber.api.testng.PickleEventWrapper,cucumber.api.testng.CucumberFeatureWrapper)[pri:0, instance:com.team6.TestRunner.TestRunner@71687585]" started-at="2022-07-13T09:17:02 IST" name="feature" data-provider="features" finished-at="2022-07-13T09:17:03 IST" duration-ms="1298" status="PASS">
          <params>
            <param index="0">
              <value>
                <![CDATA["what is inside text box"]]>
              </value>
            </param>
            <param index="1">
              <value>
                <![CDATA["homepage validation"]]>
              </value>
            </param>
          </params>
          <reporter-output>
          </reporter-output>
        </test-method> <!-- feature -->
        <test-method signature="feature(cucumber.api.testng.PickleEventWrapper,cucumber.api.testng.CucumberFeatureWrapper)[pri:0, instance:com.team6.TestRunner.TestRunner@71687585]" started-at="2022-07-13T09:17:03 IST" name="feature" data-provider="features" finished-at="2022-07-13T09:17:03 IST" duration-ms="103" status="PASS">
          <params>
            <param index="0">
              <value>
                <![CDATA["what is inside check box"]]>
              </value>
            </param>
            <param index="1">
              <value>
                <![CDATA["homepage validation"]]>
              </value>
            </param>
          </params>
          <reporter-output>
          </reporter-output>
        </test-method> <!-- feature -->
        <test-method signature="feature(cucumber.api.testng.PickleEventWrapper,cucumber.api.testng.CucumberFeatureWrapper)[pri:0, instance:com.team6.TestRunner.TestRunner@71687585]" started-at="2022-07-13T09:17:03 IST" name="feature" data-provider="features" finished-at="2022-07-13T09:17:04 IST" duration-ms="176" status="PASS">
          <params>
            <param index="0">
              <value>
                <![CDATA["check Logo"]]>
              </value>
            </param>
            <param index="1">
              <value>
                <![CDATA["homepage validation"]]>
              </value>
            </param>
          </params>
          <reporter-output>
          </reporter-output>
        </test-method> <!-- feature -->
        <test-method is-config="true" signature="tearDownClass()[pri:0, instance:com.team6.TestRunner.TestRunner@71687585]" started-at="2022-07-13T09:17:04 IST" name="tearDownClass" finished-at="2022-07-13T09:17:04 IST" duration-ms="9" status="PASS">
          <reporter-output>
          </reporter-output>
        </test-method> <!-- tearDownClass -->
      </class> <!-- com.team6.TestRunner.TestRunner -->
    </test> <!-- Test -->
  </suite> <!-- Suite -->
</testng-results>
